<?xml version="1.0" encoding="UTF-8"?>
<!-- Generated by org.testng.reporters.JUnitXMLReporter -->
<testsuite ignored="3" hostname="Aryan" failures="0" tests="1" name="Default test" time="8.109" errors="0" timestamp="2023-03-05T11:32:03 PST">
  <testcase classname="day1.HttpRequests" name="getUser" time="7.902"/>
  <testcase classname="day1.HttpRequests" name="createUser" time="0.0">
    <ignored/>
  </testcase> <!-- createUser -->
  <testcase classname="day1.HttpRequests" name="deleteUser" time="0.0">
    <ignored/>
  </testcase> <!-- deleteUser -->
  <testcase classname="day1.HttpRequests" name="updateUser" time="0.0">
    <ignored/>
  </testcase> <!-- updateUser -->
</testsuite> <!-- Default test -->
