<?xml version="1.0" encoding="UTF-8"?>
<!-- Generated by org.testng.reporters.JUnitXMLReporter -->
<testsuite ignored="0" hostname="Aryan" failures="0" tests="4" name="Test" time="12.485" errors="0" timestamp="2023-03-03T11:51:00 PST">
  <testcase classname="day7.createUser" name="testCreateUser" time="8.64"/>
  <testcase classname="day7.getUser" name="testGetUser" time="1.372"/>
  <testcase classname="day7.updateUser" name="testUpdateUser" time="1.287"/>
  <testcase classname="day7.deleteUser" name="testDeleteUser" time="1.005"/>
</testsuite> <!-- Test -->
