<?xml version="1.0" encoding="UTF-8"?>
<testng-results ignored="3" total="4" passed="1" failed="0" skipped="0">
  <reporter-output>
  </reporter-output>
  <suite started-at="2023-03-05T11:31:55 PST" name="Default suite" finished-at="2023-03-05T11:32:03 PST" duration-ms="8109">
    <groups>
    </groups>
    <test started-at="2023-03-05T11:31:55 PST" name="Default test" finished-at="2023-03-05T11:32:03 PST" duration-ms="8109">
      <class name="day1.HttpRequests">
        <test-method signature="getUser()[pri:1, instance:day1.HttpRequests@6cd28fa7]" started-at="2023-03-05T11:31:55 PST" name="getUser" finished-at="2023-03-05T11:32:03 PST" duration-ms="7902" status="PASS">
          <reporter-output>
          </reporter-output>
        </test-method> <!-- getUser -->
      </class> <!-- day1.HttpRequests -->
    </test> <!-- Default test -->
  </suite> <!-- Default suite -->
</testng-results>
